#-----------------------------------------------------------
# Vivado v2020.2 (64-bit)
# SW Build 3064766 on Wed Nov 18 09:12:45 MST 2020
# IP Build 3064653 on Wed Nov 18 14:17:31 MST 2020
# Start of session at: Thu Apr  1 18:32:29 2021
# Process ID: 17728
# Current directory: E:/FEKT VUT/FEKT VUT 4/BPC-DE1/Git/Digital-electronics-1/Labs/07-ffs/flip_flops
# Command line: vivado.exe -gui_launcher_event rodinguilauncherevent11668 E:\FEKT VUT\FEKT VUT 4\BPC-DE1\Git\Digital-electronics-1\Labs\07-ffs\flip_flops\flip_flops.xpr
# Log file: E:/FEKT VUT/FEKT VUT 4/BPC-DE1/Git/Digital-electronics-1/Labs/07-ffs/flip_flops/vivado.log
# Journal file: E:/FEKT VUT/FEKT VUT 4/BPC-DE1/Git/Digital-electronics-1/Labs/07-ffs/flip_flops\vivado.jou
#-----------------------------------------------------------
start_gui
open_project {E:/FEKT VUT/FEKT VUT 4/BPC-DE1/Git/Digital-electronics-1/Labs/07-ffs/flip_flops/flip_flops.xpr}
WARNING: [filemgmt 56-3] Default IP Output Path : Could not find the directory 'E:/FEKT VUT/FEKT VUT 4/BPC-DE1/Git/Digital-electronics-1/Labs/07-ffs/flip_flops/flip_flops.gen/sources_1'.
Scanning sources...
Finished scanning sources
INFO: [IP_Flow 19-234] Refreshing IP repositories
INFO: [IP_Flow 19-1704] No user IP repositories specified
INFO: [IP_Flow 19-2313] Loaded Vivado IP repository 'D:/PROGRAMY/Vivado/Vivado/2020.2/data/ip'.
exit
INFO: [Common 17-206] Exiting Vivado at Thu Apr  1 18:32:46 2021...
