
*** Running vivado
    with args -log top.vds -m64 -product Vivado -mode batch -messageDb vivado.pb -notrace -source top.tcl



****** Vivado v2020.2 (64-bit)
  **** SW Build 3064766 on Wed Nov 18 09:12:45 MST 2020
  **** IP Build 3064653 on Wed Nov 18 14:17:31 MST 2020
    ** Copyright 1986-2020 Xilinx, Inc. All Rights Reserved.

source top.tcl -notrace
Command: synth_design -top top -part xc7a100tcsg324-1
Starting synth_design
Attempting to get a license for feature 'Synthesis' and/or device 'xc7a100t'
INFO: [Common 17-349] Got license for feature 'Synthesis' and/or device 'xc7a100t'
INFO: [Device 21-403] Loading part xc7a100tcsg324-1
INFO: [Synth 8-7079] Multithreading enabled for synth_design using a maximum of 2 processes.
INFO: [Synth 8-7078] Launching helper process for spawning children vivado processes
INFO: [Synth 8-7075] Helper process launched with PID 9688
---------------------------------------------------------------------------------
Starting RTL Elaboration : Time (s): cpu = 00:00:04 ; elapsed = 00:00:04 . Memory (MB): peak = 1018.934 ; gain = 0.000
---------------------------------------------------------------------------------
INFO: [Synth 8-638] synthesizing module 'top' [E:/FEKT VUT/FEKT VUT 4/BPC-DE1/Git/Digital-electronics-1/Labs/Projekt/Projekt/Projekt.srcs/sources_1/new/top.vhd:53]
INFO: [Synth 8-638] synthesizing module 'keypad_4x3' [E:/FEKT VUT/FEKT VUT 4/BPC-DE1/Git/Digital-electronics-1/Labs/Projekt/Projekt/Projekt.srcs/sources_1/new/keypad_4x3.vhd:51]
INFO: [Synth 8-256] done synthesizing module 'keypad_4x3' (1#1) [E:/FEKT VUT/FEKT VUT 4/BPC-DE1/Git/Digital-electronics-1/Labs/Projekt/Projekt/Projekt.srcs/sources_1/new/keypad_4x3.vhd:51]
INFO: [Synth 8-638] synthesizing module 'controler' [E:/FEKT VUT/FEKT VUT 4/BPC-DE1/Git/Digital-electronics-1/Labs/Projekt/Projekt/Projekt.srcs/sources_1/new/controler.vhd:52]
INFO: [Synth 8-256] done synthesizing module 'controler' (2#1) [E:/FEKT VUT/FEKT VUT 4/BPC-DE1/Git/Digital-electronics-1/Labs/Projekt/Projekt/Projekt.srcs/sources_1/new/controler.vhd:52]
INFO: [Synth 8-638] synthesizing module 'driver_7seg_4digits' [E:/FEKT VUT/FEKT VUT 4/BPC-DE1/Git/Digital-electronics-1/Labs/Projekt/Projekt/Projekt.srcs/sources_1/new/driver_7seg_4digits.vhd:39]
INFO: [Synth 8-638] synthesizing module 'clock_enable' [E:/FEKT VUT/FEKT VUT 4/BPC-DE1/Git/Digital-electronics-1/Labs/Projekt/Projekt/Projekt.srcs/sources_1/new/clock_enable.vhd:35]
	Parameter g_MAX bound to: 4 - type: integer 
INFO: [Synth 8-256] done synthesizing module 'clock_enable' (3#1) [E:/FEKT VUT/FEKT VUT 4/BPC-DE1/Git/Digital-electronics-1/Labs/Projekt/Projekt/Projekt.srcs/sources_1/new/clock_enable.vhd:35]
INFO: [Synth 8-638] synthesizing module 'cnt_up_down' [E:/FEKT VUT/FEKT VUT 4/BPC-DE1/Git/Digital-electronics-1/Labs/Projekt/Projekt/Projekt.srcs/sources_1/new/cnt_up_down.vhd:35]
	Parameter g_CNT_WIDTH bound to: 2 - type: integer 
INFO: [Synth 8-256] done synthesizing module 'cnt_up_down' (4#1) [E:/FEKT VUT/FEKT VUT 4/BPC-DE1/Git/Digital-electronics-1/Labs/Projekt/Projekt/Projekt.srcs/sources_1/new/cnt_up_down.vhd:35]
INFO: [Synth 8-638] synthesizing module 'hex_7seg' [E:/FEKT VUT/FEKT VUT 4/BPC-DE1/Git/Digital-electronics-1/Labs/Projekt/Projekt/Projekt.srcs/sources_1/new/hex_7seg.vhd:30]
INFO: [Synth 8-256] done synthesizing module 'hex_7seg' (5#1) [E:/FEKT VUT/FEKT VUT 4/BPC-DE1/Git/Digital-electronics-1/Labs/Projekt/Projekt/Projekt.srcs/sources_1/new/hex_7seg.vhd:30]
INFO: [Synth 8-256] done synthesizing module 'driver_7seg_4digits' (6#1) [E:/FEKT VUT/FEKT VUT 4/BPC-DE1/Git/Digital-electronics-1/Labs/Projekt/Projekt/Projekt.srcs/sources_1/new/driver_7seg_4digits.vhd:39]
INFO: [Synth 8-256] done synthesizing module 'top' (7#1) [E:/FEKT VUT/FEKT VUT 4/BPC-DE1/Git/Digital-electronics-1/Labs/Projekt/Projekt/Projekt.srcs/sources_1/new/top.vhd:53]
---------------------------------------------------------------------------------
Finished RTL Elaboration : Time (s): cpu = 00:00:05 ; elapsed = 00:00:05 . Memory (MB): peak = 1018.934 ; gain = 0.000
---------------------------------------------------------------------------------
---------------------------------------------------------------------------------
Start Handling Custom Attributes
---------------------------------------------------------------------------------
---------------------------------------------------------------------------------
Finished Handling Custom Attributes : Time (s): cpu = 00:00:06 ; elapsed = 00:00:06 . Memory (MB): peak = 1018.934 ; gain = 0.000
---------------------------------------------------------------------------------
---------------------------------------------------------------------------------
Finished RTL Optimization Phase 1 : Time (s): cpu = 00:00:06 ; elapsed = 00:00:06 . Memory (MB): peak = 1018.934 ; gain = 0.000
---------------------------------------------------------------------------------
Netlist sorting complete. Time (s): cpu = 00:00:00 ; elapsed = 00:00:00.006 . Memory (MB): peak = 1018.934 ; gain = 0.000
INFO: [Project 1-570] Preparing netlist for logic optimization

Processing XDC Constraints
Initializing timing engine
Parsing XDC File [E:/FEKT VUT/FEKT VUT 4/BPC-DE1/Git/Digital-electronics-1/Labs/Projekt/Projekt/Projekt.srcs/constrs_1/new/Arty A7-100T.xdc]
Finished Parsing XDC File [E:/FEKT VUT/FEKT VUT 4/BPC-DE1/Git/Digital-electronics-1/Labs/Projekt/Projekt/Projekt.srcs/constrs_1/new/Arty A7-100T.xdc]
INFO: [Project 1-236] Implementation specific constraints were found while reading constraint file [E:/FEKT VUT/FEKT VUT 4/BPC-DE1/Git/Digital-electronics-1/Labs/Projekt/Projekt/Projekt.srcs/constrs_1/new/Arty A7-100T.xdc]. These constraints will be ignored for synthesis but will be used in implementation. Impacted constraints are listed in the file [.Xil/top_propImpl.xdc].
Resolution: To avoid this warning, move constraints listed in [.Xil/top_propImpl.xdc] to another XDC file and exclude this new file from synthesis with the used_in_synthesis property (File Properties dialog in GUI) and re-run elaboration/synthesis.
Completed Processing XDC Constraints

Netlist sorting complete. Time (s): cpu = 00:00:00 ; elapsed = 00:00:00 . Memory (MB): peak = 1084.230 ; gain = 0.000
INFO: [Project 1-111] Unisim Transformation Summary:
No Unisim elements were transformed.

Constraint Validation Runtime : Time (s): cpu = 00:00:00 ; elapsed = 00:00:00.005 . Memory (MB): peak = 1084.230 ; gain = 0.000
---------------------------------------------------------------------------------
Finished Constraint Validation : Time (s): cpu = 00:00:12 ; elapsed = 00:00:12 . Memory (MB): peak = 1084.230 ; gain = 65.297
---------------------------------------------------------------------------------
---------------------------------------------------------------------------------
Start Loading Part and Timing Information
---------------------------------------------------------------------------------
Loading part: xc7a100tcsg324-1
---------------------------------------------------------------------------------
Finished Loading Part and Timing Information : Time (s): cpu = 00:00:12 ; elapsed = 00:00:12 . Memory (MB): peak = 1084.230 ; gain = 65.297
---------------------------------------------------------------------------------
---------------------------------------------------------------------------------
Start Applying 'set_property' XDC Constraints
---------------------------------------------------------------------------------
---------------------------------------------------------------------------------
Finished applying 'set_property' XDC Constraints : Time (s): cpu = 00:00:12 ; elapsed = 00:00:12 . Memory (MB): peak = 1084.230 ; gain = 65.297
---------------------------------------------------------------------------------
INFO: [Synth 8-802] inferred FSM for state register 's_state_pass_reg' in module 'controler'
INFO: [Synth 8-802] inferred FSM for state register 's_state_reg' in module 'controler'
---------------------------------------------------------------------------------------------------
                   State |                     New Encoding |                Previous Encoding 
---------------------------------------------------------------------------------------------------
                    pos1 |                              000 |                              000
                    pos2 |                              001 |                              001
                    pos3 |                              010 |                              010
                    pos4 |                              011 |                              011
                     ent |                              100 |                              100
---------------------------------------------------------------------------------------------------
INFO: [Synth 8-3354] encoded FSM with state register 's_state_pass_reg' using encoding 'sequential' in module 'controler'
---------------------------------------------------------------------------------------------------
                   State |                     New Encoding |                Previous Encoding 
---------------------------------------------------------------------------------------------------
                   close |                              000 |                              000
                  opened |                              001 |                              001
                   waith |                              010 |                              010
                  master |                              011 |                              100
                   alarm |                              100 |                              011
---------------------------------------------------------------------------------------------------
INFO: [Synth 8-3354] encoded FSM with state register 's_state_reg' using encoding 'sequential' in module 'controler'
---------------------------------------------------------------------------------
Finished RTL Optimization Phase 2 : Time (s): cpu = 00:00:12 ; elapsed = 00:00:13 . Memory (MB): peak = 1084.230 ; gain = 65.297
---------------------------------------------------------------------------------
---------------------------------------------------------------------------------
Start RTL Component Statistics 
---------------------------------------------------------------------------------
Detailed RTL Component Info : 
+---Adders : 
	   2 Input    5 Bit       Adders := 1     
	   2 Input    2 Bit       Adders := 1     
+---Registers : 
	               16 Bit    Registers := 1     
	                5 Bit    Registers := 1     
	                4 Bit    Registers := 10    
	                2 Bit    Registers := 1     
	                1 Bit    Registers := 5     
+---Muxes : 
	   2 Input   16 Bit        Muxes := 3     
	   5 Input   16 Bit        Muxes := 1     
	   2 Input    5 Bit        Muxes := 1     
	   2 Input    4 Bit        Muxes := 10    
	   5 Input    4 Bit        Muxes := 4     
	   4 Input    4 Bit        Muxes := 2     
	   5 Input    3 Bit        Muxes := 2     
	   2 Input    3 Bit        Muxes := 8     
	   3 Input    3 Bit        Muxes := 1     
	   2 Input    2 Bit        Muxes := 1     
	  13 Input    1 Bit        Muxes := 2     
	   3 Input    1 Bit        Muxes := 1     
	   2 Input    1 Bit        Muxes := 14    
	   5 Input    1 Bit        Muxes := 9     
---------------------------------------------------------------------------------
Finished RTL Component Statistics 
---------------------------------------------------------------------------------
---------------------------------------------------------------------------------
Start Part Resource Summary
---------------------------------------------------------------------------------
Part Resources:
DSPs: 240 (col length:80)
BRAMs: 270 (col length: RAMB18 80 RAMB36 40)
---------------------------------------------------------------------------------
Finished Part Resource Summary
---------------------------------------------------------------------------------
---------------------------------------------------------------------------------
Start Cross Boundary and Area Optimization
---------------------------------------------------------------------------------
---------------------------------------------------------------------------------
Finished Cross Boundary and Area Optimization : Time (s): cpu = 00:00:14 ; elapsed = 00:00:15 . Memory (MB): peak = 1084.230 ; gain = 65.297
---------------------------------------------------------------------------------
---------------------------------------------------------------------------------
Start Applying XDC Timing Constraints
---------------------------------------------------------------------------------
---------------------------------------------------------------------------------
Finished Applying XDC Timing Constraints : Time (s): cpu = 00:00:20 ; elapsed = 00:00:21 . Memory (MB): peak = 1084.230 ; gain = 65.297
---------------------------------------------------------------------------------
---------------------------------------------------------------------------------
Start Timing Optimization
---------------------------------------------------------------------------------
---------------------------------------------------------------------------------
Finished Timing Optimization : Time (s): cpu = 00:00:20 ; elapsed = 00:00:21 . Memory (MB): peak = 1084.230 ; gain = 65.297
---------------------------------------------------------------------------------
---------------------------------------------------------------------------------
Start Technology Mapping
---------------------------------------------------------------------------------
---------------------------------------------------------------------------------
Finished Technology Mapping : Time (s): cpu = 00:00:20 ; elapsed = 00:00:21 . Memory (MB): peak = 1097.398 ; gain = 78.465
---------------------------------------------------------------------------------
---------------------------------------------------------------------------------
Start IO Insertion
---------------------------------------------------------------------------------
---------------------------------------------------------------------------------
Start Flattening Before IO Insertion
---------------------------------------------------------------------------------
---------------------------------------------------------------------------------
Finished Flattening Before IO Insertion
---------------------------------------------------------------------------------
---------------------------------------------------------------------------------
Start Final Netlist Cleanup
---------------------------------------------------------------------------------
---------------------------------------------------------------------------------
Finished Final Netlist Cleanup
---------------------------------------------------------------------------------
---------------------------------------------------------------------------------
Finished IO Insertion : Time (s): cpu = 00:00:24 ; elapsed = 00:00:24 . Memory (MB): peak = 1099.953 ; gain = 81.020
---------------------------------------------------------------------------------
---------------------------------------------------------------------------------
Start Renaming Generated Instances
---------------------------------------------------------------------------------
---------------------------------------------------------------------------------
Finished Renaming Generated Instances : Time (s): cpu = 00:00:24 ; elapsed = 00:00:24 . Memory (MB): peak = 1099.953 ; gain = 81.020
---------------------------------------------------------------------------------
---------------------------------------------------------------------------------
Start Rebuilding User Hierarchy
---------------------------------------------------------------------------------
---------------------------------------------------------------------------------
Finished Rebuilding User Hierarchy : Time (s): cpu = 00:00:24 ; elapsed = 00:00:24 . Memory (MB): peak = 1099.953 ; gain = 81.020
---------------------------------------------------------------------------------
---------------------------------------------------------------------------------
Start Renaming Generated Ports
---------------------------------------------------------------------------------
---------------------------------------------------------------------------------
Finished Renaming Generated Ports : Time (s): cpu = 00:00:24 ; elapsed = 00:00:24 . Memory (MB): peak = 1099.953 ; gain = 81.020
---------------------------------------------------------------------------------
---------------------------------------------------------------------------------
Start Handling Custom Attributes
---------------------------------------------------------------------------------
---------------------------------------------------------------------------------
Finished Handling Custom Attributes : Time (s): cpu = 00:00:24 ; elapsed = 00:00:24 . Memory (MB): peak = 1099.953 ; gain = 81.020
---------------------------------------------------------------------------------
---------------------------------------------------------------------------------
Start Renaming Generated Nets
---------------------------------------------------------------------------------
---------------------------------------------------------------------------------
Finished Renaming Generated Nets : Time (s): cpu = 00:00:24 ; elapsed = 00:00:24 . Memory (MB): peak = 1099.953 ; gain = 81.020
---------------------------------------------------------------------------------
---------------------------------------------------------------------------------
Start Writing Synthesis Report
---------------------------------------------------------------------------------

Report BlackBoxes: 
+-+--------------+----------+
| |BlackBox name |Instances |
+-+--------------+----------+
+-+--------------+----------+

Report Cell Usage: 
+------+-------+------+
|      |Cell   |Count |
+------+-------+------+
|1     |BUFG   |     1|
|2     |CARRY4 |     8|
|3     |LUT1   |     1|
|4     |LUT2   |     4|
|5     |LUT3   |    11|
|6     |LUT4   |    23|
|7     |LUT5   |    17|
|8     |LUT6   |    66|
|9     |MUXF7  |     3|
|10    |FDRE   |    69|
|11    |FDSE   |    36|
|12    |IBUF   |     9|
|13    |OBUF   |     8|
|14    |OBUFT  |     8|
+------+-------+------+
---------------------------------------------------------------------------------
Finished Writing Synthesis Report : Time (s): cpu = 00:00:24 ; elapsed = 00:00:24 . Memory (MB): peak = 1099.953 ; gain = 81.020
---------------------------------------------------------------------------------
Synthesis finished with 0 errors, 0 critical warnings and 0 warnings.
Synthesis Optimization Runtime : Time (s): cpu = 00:00:16 ; elapsed = 00:00:22 . Memory (MB): peak = 1099.953 ; gain = 15.723
Synthesis Optimization Complete : Time (s): cpu = 00:00:24 ; elapsed = 00:00:25 . Memory (MB): peak = 1099.953 ; gain = 81.020
INFO: [Project 1-571] Translating synthesized netlist
Netlist sorting complete. Time (s): cpu = 00:00:00 ; elapsed = 00:00:00.004 . Memory (MB): peak = 1112.020 ; gain = 0.000
INFO: [Netlist 29-17] Analyzing 11 Unisim elements for replacement
INFO: [Netlist 29-28] Unisim Transformation completed in 0 CPU seconds
INFO: [Project 1-570] Preparing netlist for logic optimization
INFO: [Opt 31-138] Pushed 0 inverter(s) to 0 load pin(s).
Netlist sorting complete. Time (s): cpu = 00:00:00 ; elapsed = 00:00:00 . Memory (MB): peak = 1115.973 ; gain = 0.000
INFO: [Project 1-111] Unisim Transformation Summary:
No Unisim elements were transformed.

INFO: [Common 17-83] Releasing license: Synthesis
33 Infos, 0 Warnings, 0 Critical Warnings and 0 Errors encountered.
synth_design completed successfully
synth_design: Time (s): cpu = 00:00:29 ; elapsed = 00:00:31 . Memory (MB): peak = 1115.973 ; gain = 97.039
INFO: [Common 17-1381] The checkpoint 'E:/FEKT VUT/FEKT VUT 4/BPC-DE1/Git/Digital-electronics-1/Labs/Projekt/Projekt/Projekt.runs/synth_1/top.dcp' has been generated.
INFO: [runtcl-4] Executing : report_utilization -file top_utilization_synth.rpt -pb top_utilization_synth.pb
INFO: [Common 17-206] Exiting Vivado at Thu Apr 15 19:52:24 2021...
