Copyright 1986-2020 Xilinx, Inc. All Rights Reserved.
------------------------------------------------------------------------------------
| Tool Version : Vivado v.2020.2 (win64) Build 3064766 Wed Nov 18 09:12:45 MST 2020
| Date         : Sat Apr 17 20:43:32 2021
| Host         : DESKTOP-86SVDDP running 64-bit major release  (build 9200)
| Command      : report_control_sets -verbose -file top_control_sets_placed.rpt
| Design       : top
| Device       : xc7a100t
------------------------------------------------------------------------------------

Control Set Information

Table of Contents
-----------------
1. Summary
2. Histogram
3. Flip-Flop Distribution
4. Detailed Control Set Information

1. Summary
----------

+----------------------------------------------------------+-------+
|                          Status                          | Count |
+----------------------------------------------------------+-------+
| Total control sets                                       |    13 |
|    Minimum number of control sets                        |    13 |
|    Addition due to synthesis replication                 |     0 |
|    Addition due to physical synthesis replication        |     0 |
| Unused register locations in slices containing registers |    48 |
+----------------------------------------------------------+-------+
* Control sets can be merged at opt_design using control_set_merge or merge_equivalent_drivers
** Run report_qor_suggestions for automated merging and remapping suggestions


2. Histogram
------------

+--------------------+-------+
|       Fanout       | Count |
+--------------------+-------+
| Total control sets |    13 |
| >= 0 to < 4        |     2 |
| >= 4 to < 6        |     7 |
| >= 6 to < 8        |     1 |
| >= 8 to < 10       |     0 |
| >= 10 to < 12      |     0 |
| >= 12 to < 14      |     0 |
| >= 14 to < 16      |     0 |
| >= 16              |     3 |
+--------------------+-------+
* Control sets can be remapped at either synth_design or opt_design


3. Flip-Flop Distribution
-------------------------

+--------------+-----------------------+------------------------+-----------------+--------------+
| Clock Enable | Synchronous Set/Reset | Asynchronous Set/Reset | Total Registers | Total Slices |
+--------------+-----------------------+------------------------+-----------------+--------------+
| No           | No                    | No                     |              12 |            8 |
| No           | No                    | Yes                    |               0 |            0 |
| No           | Yes                   | No                     |              35 |           10 |
| Yes          | No                    | No                     |              41 |           14 |
| Yes          | No                    | Yes                    |               0 |            0 |
| Yes          | Yes                   | No                     |              32 |           13 |
+--------------+-----------------------+------------------------+-----------------+--------------+


4. Detailed Control Set Information
-----------------------------------

+----------------------+-----------------------------------+---------------------------------------------+------------------+----------------+--------------+
|     Clock Signal     |           Enable Signal           |               Set/Reset Signal              | Slice Load Count | Bel Load Count | Bels / Slice |
+----------------------+-----------------------------------+---------------------------------------------+------------------+----------------+--------------+
|  CLK100MHZ_IBUF_BUFG | uut_controler/locker_o_i_1_n_0    |                                             |                1 |              1 |         1.00 |
|  CLK100MHZ_IBUF_BUFG | uut_controler/rgb_o[2]_i_1_n_0    |                                             |                1 |              2 |         2.00 |
|  CLK100MHZ_IBUF_BUFG |                                   | uut_keypad_4x3/number_o0                    |                2 |              4 |         2.00 |
|  CLK100MHZ_IBUF_BUFG | uut_keypad_4x3/s_number0          |                                             |                3 |              4 |         1.33 |
| ~CLK100MHZ_IBUF_BUFG | uut_keypad_4x3/number_o_reg[2]_3  | uut_controler/s_pass_1[3]_i_1_n_0           |                2 |              4 |         2.00 |
| ~CLK100MHZ_IBUF_BUFG | uut_keypad_4x3/number_o_reg[2]_0  | uut_keypad_4x3/number_o_reg[2]_5            |                2 |              4 |         2.00 |
| ~CLK100MHZ_IBUF_BUFG | uut_keypad_4x3/number_o_reg[2]_2  | uut_keypad_4x3/number_o_reg[2]_6            |                2 |              4 |         2.00 |
| ~CLK100MHZ_IBUF_BUFG | uut_controler/s_pass_4[3]_i_2_n_0 | uut_controler/s_pass_4[3]_i_1_n_0           |                2 |              4 |         2.00 |
| ~CLK100MHZ_IBUF_BUFG |                                   |                                             |                5 |              5 |         1.00 |
|  CLK100MHZ_IBUF_BUFG |                                   |                                             |                3 |              7 |         2.33 |
| ~CLK100MHZ_IBUF_BUFG | uut_controler/s_pass[15]_i_2_n_0  | uut_controler/s_pass[15]_i_1_n_0            |                5 |             16 |         3.20 |
|  CLK100MHZ_IBUF_BUFG |                                   | driver_seg_4/clk_en0/s_cnt_local[0]_i_1_n_0 |                8 |             31 |         3.88 |
|  CLK100MHZ_IBUF_BUFG | uut_controler/s_cnt_0             |                                             |                9 |             34 |         3.78 |
+----------------------+-----------------------------------+---------------------------------------------+------------------+----------------+--------------+


