#-----------------------------------------------------------
# Vivado v2020.2 (64-bit)
# SW Build 3064766 on Wed Nov 18 09:12:45 MST 2020
# IP Build 3064653 on Wed Nov 18 14:17:31 MST 2020
# Start of session at: Thu Apr  1 20:16:34 2021
# Process ID: 9828
# Current directory: E:/FEKT VUT/FEKT VUT 4/BPC-DE1/Git/Digital-electronics-1/Labs/04-segment/display
# Command line: vivado.exe -gui_launcher_event rodinguilauncherevent10740 E:\FEKT VUT\FEKT VUT 4\BPC-DE1\Git\Digital-electronics-1\Labs\04-segment\display\display.xpr
# Log file: E:/FEKT VUT/FEKT VUT 4/BPC-DE1/Git/Digital-electronics-1/Labs/04-segment/display/vivado.log
# Journal file: E:/FEKT VUT/FEKT VUT 4/BPC-DE1/Git/Digital-electronics-1/Labs/04-segment/display\vivado.jou
#-----------------------------------------------------------
start_gui
open_project {E:/FEKT VUT/FEKT VUT 4/BPC-DE1/Git/Digital-electronics-1/Labs/04-segment/display/display.xpr}
WARNING: [filemgmt 56-3] Default IP Output Path : Could not find the directory 'E:/FEKT VUT/FEKT VUT 4/BPC-DE1/Git/Digital-electronics-1/Labs/04-segment/display/display.gen/sources_1'.
Scanning sources...
Finished scanning sources
INFO: [IP_Flow 19-234] Refreshing IP repositories
INFO: [IP_Flow 19-1704] No user IP repositories specified
INFO: [IP_Flow 19-2313] Loaded Vivado IP repository 'D:/PROGRAMY/Vivado/Vivado/2020.2/data/ip'.
update_compile_order -fileset sources_1
exit
INFO: [Common 17-206] Exiting Vivado at Thu Apr  1 21:10:32 2021...
